<?xml version="1.0" encoding="UTF-8"?>
<!-- Generated by org.testng.reporters.JUnitReportReporter -->
<testsuite skipped="0" hostname="Rajendra" name="orangehrmlive.parawithXMLfile" tests="3" failures="0" timestamp="03 Apr 2020 09:25:03 GMT" time="13.588" errors="0">
  <testcase name="paraTest" time="9.604" classname="orangehrmlive.parawithXMLfile"/>
  <testcase name="passTest" time="2.481" classname="orangehrmlive.parawithXMLfile"/>
  <testcase name="logoutTest" time="1.503" classname="orangehrmlive.parawithXMLfile"/>
</testsuite> <!-- orangehrmlive.parawithXMLfile -->
