<?xml version="1.0" encoding="UTF-8"?>
<testng-results skipped="0" failed="0" ignored="0" total="1" passed="1">
  <reporter-output>
  </reporter-output>
  <suite name="Command line suite" duration-ms="21539" started-at="2020-04-25T14:52:42 IST" finished-at="2020-04-25T14:53:04 IST">
    <groups>
    </groups>
    <test name="Command line test" duration-ms="21539" started-at="2020-04-25T14:52:42 IST" finished-at="2020-04-25T14:53:04 IST">
      <class name="TestProject.MvnTestNGLoginTest">
        <test-method status="PASS" signature="openBrowser()[pri:0, instance:TestProject.MvnTestNGLoginTest@6e0e048a]" name="openBrowser" is-config="true" duration-ms="13731" started-at="2020-04-25T14:52:42 IST" finished-at="2020-04-25T14:52:56 IST">
          <reporter-output>
          </reporter-output>
        </test-method> <!-- openBrowser -->
        <test-method status="PASS" signature="LoginTest()[pri:0, instance:TestProject.MvnTestNGLoginTest@6e0e048a]" name="LoginTest" duration-ms="4408" started-at="2020-04-25T14:52:56 IST" finished-at="2020-04-25T14:53:00 IST">
          <reporter-output>
          </reporter-output>
        </test-method> <!-- LoginTest -->
        <test-method status="PASS" signature="logout()[pri:0, instance:TestProject.MvnTestNGLoginTest@6e0e048a]" name="logout" is-config="true" duration-ms="3335" started-at="2020-04-25T14:53:00 IST" finished-at="2020-04-25T14:53:04 IST">
          <reporter-output>
          </reporter-output>
        </test-method> <!-- logout -->
      </class> <!-- TestProject.MvnTestNGLoginTest -->
    </test> <!-- Command line test -->
  </suite> <!-- Command line suite -->
</testng-results>
